Created the disk_iso
Mounted the filesystem
/
0
Verify stats for inode 0
Verify stats for inode 0
Verify stats for inode 0
Verify stats for inode 0
Verify stats for inode 0
Verify stats for inode 0
Verify stats for inode 0
Verify stats for inode 0
Verify stats for inode 0
Verify stats for inode 0
Verify stats for inode 0
Verify stats for inode 0
Verify stats for inode 0
Verify stats for inode 0
Verify stats for inode 0
Verify stats for inode 0
Verify stats for inode 0
Verify stats for inode 0
Verify stats for inode 0
Verify stats for inode 0
Verify stats for inode 0
Verify stats for inode 0
Verify stats for inode 0
Verify stats for inode 0
Verify stats for inode 0
Verify stats for inode 0
Verify stats for inode 0
Verify stats for inode 0
/
0
/
0
/
0
Verify stats for inode 0
Verify stats for inode 0
Verify stats for inode 0
Verify stats for inode 0
Verify stats for inode 0
Verify stats for inode 0
Verify stats for inode 0
Verify stats for inode 0
Verify stats for inode 0
Verify stats for inode 0
Verify stats for inode 0
Verify stats for inode 0
Verify stats for inode 0
Verify stats for inode 0
Verify stats for inode 0
Verify stats for inode 0
Verify stats for inode 0
Verify stats for inode 0
Verify stats for inode 0
Verify stats for inode 0
Verify stats for inode 0
Verify stats for inode 0
Verify stats for inode 0
Verify stats for inode 0
Verify stats for inode 0
Verify stats for inode 0
Verify stats for inode 0
Verify stats for inode 0
Verify stats for inode 0
Verify stats for inode 0
Verify stats for inode 0
Verify stats for inode 0
Verify stats for inode 0
Verify stats for inode 0
Verify stats for inode 0
Verify stats for inode 0
Verify stats for inode 0
Verify stats for inode 0
Verify stats for inode 0
Verify stats for inode 0
Verify stats for inode 0
Verify stats for inode 0
Verify stats for inode 2
Verify stats for inode 0
Verify stats for inode 0
Verify stats for inode 0
Verify stats for inode 0
Verify stats for inode 2
/xd
2
/xd
2
Verify stats for inode 0
Verify stats for inode 0
/
0
Verify stats for inode 0
